[11:17:48] [main/INFO]: Setting user: Player35
[11:17:50] [Client thread/INFO]: LWJGL Version: 2.9.1
[11:17:57] [Client thread/INFO]: Reloading ResourceManager: Default, FMLFileResourcePack:Forge Mod Loader, FMLFileResourcePack:Minecraft Forge, FMLFileResourcePack:Not Enough Items, FMLFileResourcePack:Caske Armor, FMLFileResourcePack:CoFH Core, FMLFileResourcePack:Thermal Dynamics, FMLFileResourcePack:Thermal Expansion, FMLFileResourcePack:Thermal Foundation
[11:17:59] [Sound Library Loader/INFO]: Sound engine started
[11:18:00] [Client thread/WARN]: File thermalfoundation:sounds/mob/blitz/ambient.ogg does not exist, cannot add it to event thermalfoundation:mobBlitzAmbient
[11:18:00] [Client thread/WARN]: File thermalfoundation:sounds/mob/blitz/attack.ogg does not exist, cannot add it to event thermalfoundation:mobBlitzAttack
[11:18:00] [Client thread/WARN]: File thermalfoundation:sounds/mob/blitz/breathe0.ogg does not exist, cannot add it to event thermalfoundation:mobBlitzBreathe0
[11:18:00] [Client thread/WARN]: File thermalfoundation:sounds/mob/blitz/breathe1.ogg does not exist, cannot add it to event thermalfoundation:mobBlitzBreathe1
[11:18:00] [Client thread/WARN]: File thermalfoundation:sounds/mob/blitz/breathe2.ogg does not exist, cannot add it to event thermalfoundation:mobBlitzBreathe2
[11:18:00] [Client thread/WARN]: File thermalfoundation:sounds/mob/basalz/ambient.ogg does not exist, cannot add it to event thermalfoundation:mobBasalzAmbient
[11:18:00] [Client thread/WARN]: File thermalfoundation:sounds/mob/basalz/attack.ogg does not exist, cannot add it to event thermalfoundation:mobBasalzAttack
[11:18:00] [Client thread/WARN]: File thermalfoundation:sounds/mob/basalz/breathe0.ogg does not exist, cannot add it to event thermalfoundation:mobBasalzBreathe0
[11:18:00] [Client thread/WARN]: File thermalfoundation:sounds/mob/basalz/breathe1.ogg does not exist, cannot add it to event thermalfoundation:mobBasalzBreathe1
[11:18:00] [Client thread/WARN]: File thermalfoundation:sounds/mob/basalz/breathe2.ogg does not exist, cannot add it to event thermalfoundation:mobBasalzBreathe2
[11:18:00] [Client thread/INFO]: Created: 16x16 textures/blocks-atlas
[11:18:00] [Client thread/INFO]: Created: 16x16 textures/items-atlas
[11:18:02] [Client thread/INFO]: Reloading ResourceManager: Default, FMLFileResourcePack:Forge Mod Loader, FMLFileResourcePack:Minecraft Forge, FMLFileResourcePack:Not Enough Items, FMLFileResourcePack:Caske Armor, FMLFileResourcePack:CoFH Core, FMLFileResourcePack:Thermal Dynamics, FMLFileResourcePack:Thermal Expansion, FMLFileResourcePack:Thermal Foundation
[11:18:03] [Client thread/INFO]: Created: 512x512 textures/blocks-atlas
[11:18:03] [Client thread/INFO]: Created: 1024x512 textures/items-atlas
[11:18:04] [Sound Library Loader/INFO]: Sound engine started
[11:18:05] [Client thread/WARN]: File thermalfoundation:sounds/mob/blitz/ambient.ogg does not exist, cannot add it to event thermalfoundation:mobBlitzAmbient
[11:18:05] [Client thread/WARN]: File thermalfoundation:sounds/mob/blitz/attack.ogg does not exist, cannot add it to event thermalfoundation:mobBlitzAttack
[11:18:05] [Client thread/WARN]: File thermalfoundation:sounds/mob/blitz/breathe0.ogg does not exist, cannot add it to event thermalfoundation:mobBlitzBreathe0
[11:18:05] [Client thread/WARN]: File thermalfoundation:sounds/mob/blitz/breathe1.ogg does not exist, cannot add it to event thermalfoundation:mobBlitzBreathe1
[11:18:05] [Client thread/WARN]: File thermalfoundation:sounds/mob/blitz/breathe2.ogg does not exist, cannot add it to event thermalfoundation:mobBlitzBreathe2
[11:18:05] [Client thread/WARN]: File thermalfoundation:sounds/mob/basalz/ambient.ogg does not exist, cannot add it to event thermalfoundation:mobBasalzAmbient
[11:18:05] [Client thread/WARN]: File thermalfoundation:sounds/mob/basalz/attack.ogg does not exist, cannot add it to event thermalfoundation:mobBasalzAttack
[11:18:05] [Client thread/WARN]: File thermalfoundation:sounds/mob/basalz/breathe0.ogg does not exist, cannot add it to event thermalfoundation:mobBasalzBreathe0
[11:18:05] [Client thread/WARN]: File thermalfoundation:sounds/mob/basalz/breathe1.ogg does not exist, cannot add it to event thermalfoundation:mobBasalzBreathe1
[11:18:05] [Client thread/WARN]: File thermalfoundation:sounds/mob/basalz/breathe2.ogg does not exist, cannot add it to event thermalfoundation:mobBasalzBreathe2
[11:18:05] [Client thread/ERROR]: ########## GL ERROR ##########
[11:18:05] [Client thread/ERROR]: @ Post startup
[11:18:05] [Client thread/ERROR]: 1286: Invalid framebuffer operation
[11:18:08] [Server thread/INFO]: Starting integrated minecraft server version 1.7.10
[11:18:08] [Server thread/INFO]: Generating keypair
[11:18:08] [Server thread/INFO]: Preparing start region for level 0
[11:18:09] [Server thread/INFO]: Player35[local:E:653a3104] logged in with entity id 2 at (475.0184759550698, 56.0, -627.5321525553438)
[11:18:09] [Server thread/INFO]: Player35 is het spel binnengekomen
[11:18:15] [Server thread/INFO]: Player35 heeft net de prestatie [Inventariseren] behaald
[11:18:15] [Client thread/INFO]: [CHAT] Player35 heeft net de prestatie [Inventariseren] behaald
[11:18:27] [Server thread/INFO]: Saving and pausing game...
[11:18:27] [Server thread/INFO]: Saving chunks for level 'New World'/Overworld
[11:18:27] [Server thread/INFO]: Saving chunks for level 'New World'/Nether
[11:18:27] [Server thread/INFO]: Saving chunks for level 'New World'/The End
[11:18:33] [Client thread/INFO]: Reloading ResourceManager: Default, FMLFileResourcePack:Forge Mod Loader, FMLFileResourcePack:Minecraft Forge, FMLFileResourcePack:Not Enough Items, FMLFileResourcePack:Caske Armor, FMLFileResourcePack:CoFH Core, FMLFileResourcePack:Thermal Dynamics, FMLFileResourcePack:Thermal Expansion, FMLFileResourcePack:Thermal Foundation
[11:18:33] [Client thread/INFO]: Created: 512x512 textures/blocks-atlas
[11:18:34] [Client thread/INFO]: Created: 1024x512 textures/items-atlas
[11:18:35] [Sound Library Loader/INFO]: Sound engine started
[11:18:36] [Client thread/WARN]: File thermalfoundation:sounds/mob/blitz/ambient.ogg does not exist, cannot add it to event thermalfoundation:mobBlitzAmbient
[11:18:36] [Client thread/WARN]: File thermalfoundation:sounds/mob/blitz/attack.ogg does not exist, cannot add it to event thermalfoundation:mobBlitzAttack
[11:18:36] [Client thread/WARN]: File thermalfoundation:sounds/mob/blitz/breathe0.ogg does not exist, cannot add it to event thermalfoundation:mobBlitzBreathe0
[11:18:36] [Client thread/WARN]: File thermalfoundation:sounds/mob/blitz/breathe1.ogg does not exist, cannot add it to event thermalfoundation:mobBlitzBreathe1
[11:18:36] [Client thread/WARN]: File thermalfoundation:sounds/mob/blitz/breathe2.ogg does not exist, cannot add it to event thermalfoundation:mobBlitzBreathe2
[11:18:36] [Client thread/WARN]: File thermalfoundation:sounds/mob/basalz/ambient.ogg does not exist, cannot add it to event thermalfoundation:mobBasalzAmbient
[11:18:36] [Client thread/WARN]: File thermalfoundation:sounds/mob/basalz/attack.ogg does not exist, cannot add it to event thermalfoundation:mobBasalzAttack
[11:18:36] [Client thread/WARN]: File thermalfoundation:sounds/mob/basalz/breathe0.ogg does not exist, cannot add it to event thermalfoundation:mobBasalzBreathe0
[11:18:36] [Client thread/WARN]: File thermalfoundation:sounds/mob/basalz/breathe1.ogg does not exist, cannot add it to event thermalfoundation:mobBasalzBreathe1
[11:18:36] [Client thread/WARN]: File thermalfoundation:sounds/mob/basalz/breathe2.ogg does not exist, cannot add it to event thermalfoundation:mobBasalzBreathe2
[11:18:51] [Client thread/INFO]: [CHAT] [Thermal Expansion] A new version is available§6:
[11:18:51] [Client thread/INFO]: [CHAT] §f[Download§f] Adds some stupid-mod protection and new lights!
[11:18:58] [Server thread/INFO]: Player35 was slain by Zombie Pigman
[11:18:58] [Client thread/INFO]: [CHAT] Player35 was slain by Zombie Pigman
[11:19:00] [Server thread/INFO]: Saving and pausing game...
[11:19:00] [Server thread/INFO]: Saving chunks for level 'New World'/Overworld
[11:19:00] [Server thread/INFO]: Saving chunks for level 'New World'/Nether
[11:19:00] [Server thread/INFO]: Saving chunks for level 'New World'/The End
[11:19:15] [Server thread/INFO]: Player35 was slain by Zombie Pigman
[11:19:15] [Client thread/INFO]: [CHAT] Player35 was slain by Zombie Pigman
[11:19:37] [Server thread/INFO]: [Player35: Given [item.redstoneChestplate.name] * 1 to Player35]
[11:19:37] [Client thread/INFO]: [CHAT] Given [item.redstoneChestplate.name] * 1 to Player35
[11:19:43] [Server thread/INFO]: Saving and pausing game...
[11:19:43] [Server thread/INFO]: Saving chunks for level 'New World'/Overworld
[11:19:43] [Server thread/INFO]: Saving chunks for level 'New World'/Nether
[11:19:43] [Server thread/INFO]: Saving chunks for level 'New World'/The End
[11:19:46] [Server thread/INFO]: Stopping server
[11:19:46] [Server thread/INFO]: Saving players
[11:19:46] [Server thread/INFO]: Saving worlds
[11:19:46] [Server thread/INFO]: Saving chunks for level 'New World'/Overworld
[11:19:46] [Server thread/INFO]: Saving chunks for level 'New World'/Nether
[11:19:46] [Server thread/INFO]: Saving chunks for level 'New World'/The End
[11:19:47] [Client thread/INFO]: Stopping!
